make --dry-run --always-make --keep-going --print-directory
make: Entering directory `/Users/faraz/Documents/Documents/42/cursus/fract-ol'
echo "fractol: \033[0;32mCreating ./lib/libft/libft.a...\033[0m"
/Applications/Xcode.app/Contents/Developer/usr/bin/make -sC ./lib/libft/
make[1]: Entering directory `/Users/faraz/Documents/Documents/42/cursus/fract-ol/lib/libft'
mkdir -p ./objects/
echo "libft.a: \033[0;32m./objects/ was created\033[0m"
gcc -Wall -Werror -Wextra -I./includes/ -c sources/ft_isascii.c -o objects/ft_isascii.o
echo ".\c"
gcc -Wall -Werror -Wextra -I./includes/ -c sources/ft_isprint.c -o objects/ft_isprint.o
echo ".\c"
gcc -Wall -Werror -Wextra -I./includes/ -c sources/ft_isalpha.c -o objects/ft_isalpha.o
echo ".\c"
gcc -Wall -Werror -Wextra -I./includes/ -c sources/ft_isdigit.c -o objects/ft_isdigit.o
echo ".\c"
gcc -Wall -Werror -Wextra -I./includes/ -c sources/ft_isalnum.c -o objects/ft_isalnum.o
echo ".\c"
gcc -Wall -Werror -Wextra -I./includes/ -c sources/ft_tolower.c -o objects/ft_tolower.o
echo ".\c"
 
gcc -Wall -Werror -Wextra -I./includes/ -c sources/ft_toupper.c -o objects/ft_toupper.o
echo ".\c"
gcc -Wall -Werror -Wextra -I./includes/ -c sources/ft_strlen.c -o objects/ft_strlen.o
echo ".\c"
gcc -Wall -Werror -Wextra -I./includes/ -c sources/ft_strlcpy.c -o objects/ft_strlcpy.o
echo ".\c"
gcc -Wall -Werror -Wextra -I./includes/ -c sources/ft_strlcat.c -o objects/ft_strlcat.o
echo ".\c"
gcc -Wall -Werror -Wextra -I./includes/ -c sources/ft_strchr.c -o objects/ft_strchr.o
echo ".\c"
gcc -Wall -Werror -Wextra -I./includes/ -c sources/ft_strrchr.c -o objects/ft_strrchr.o
echo ".\c"
gcc -Wall -Werror -Wextra -I./includes/ -c sources/ft_strnstr.c -o objects/ft_strnstr.o
echo ".\c"
gcc -Wall -Werror -Wextra -I./includes/ -c sources/ft_strncmp.c -o objects/ft_strncmp.o
echo ".\c"
gcc -Wall -Werror -Wextra -I./includes/ -c sources/ft_atoi.c -o objects/ft_atoi.o
echo ".\c"
gcc -Wall -Werror -Wextra -I./includes/ -c sources/ft_memset.c -o objects/ft_memset.o
echo ".\c"
gcc -Wall -Werror -Wextra -I./includes/ -c sources/ft_bzero.c -o objects/ft_bzero.o
echo ".\c"
gcc -Wall -Werror -Wextra -I./includes/ -c sources/ft_memcpy.c -o objects/ft_memcpy.o
echo ".\c"
gcc -Wall -Werror -Wextra -I./includes/ -c sources/ft_memmove.c -o objects/ft_memmove.o
echo ".\c"
gcc -Wall -Werror -Wextra -I./includes/ -c sources/ft_memchr.c -o objects/ft_memchr.o
echo ".\c"
gcc -Wall -Werror -Wextra -I./includes/ -c sources/ft_memcmp.c -o objects/ft_memcmp.o
echo ".\c"
gcc -Wall -Werror -Wextra -I./includes/ -c sources/ft_strdup.c -o objects/ft_strdup.o
echo ".\c"
gcc -Wall -Werror -Wextra -I./includes/ -c sources/ft_calloc.c -o objects/ft_calloc.o
echo ".\c"
gcc -Wall -Werror -Wextra -I./includes/ -c sources/ft_substr.c -o objects/ft_substr.o
echo ".\c"
gcc -Wall -Werror -Wextra -I./includes/ -c sources/ft_strjoin.c -o objects/ft_strjoin.o
echo ".\c"
gcc -Wall -Werror -Wextra -I./includes/ -c sources/ft_strtrim.c -o objects/ft_strtrim.o
echo ".\c"
gcc -Wall -Werror -Wextra -I./includes/ -c sources/ft_split.c -o objects/ft_split.o
echo ".\c"
gcc -Wall -Werror -Wextra -I./includes/ -c sources/ft_itoa.c -o objects/ft_itoa.o
echo ".\c"
gcc -Wall -Werror -Wextra -I./includes/ -c sources/ft_strmapi.c -o objects/ft_strmapi.o
echo ".\c"
gcc -Wall -Werror -Wextra -I./includes/ -c sources/ft_striteri.c -o objects/ft_striteri.o
echo ".\c"
gcc -Wall -Werror -Wextra -I./includes/ -c sources/ft_putchar_fd.c -o objects/ft_putchar_fd.o
echo ".\c"
gcc -Wall -Werror -Wextra -I./includes/ -c sources/ft_putstr_fd.c -o objects/ft_putstr_fd.o
echo ".\c"
gcc -Wall -Werror -Wextra -I./includes/ -c sources/ft_putendl_fd.c -o objects/ft_putendl_fd.o
echo ".\c"
gcc -Wall -Werror -Wextra -I./includes/ -c sources/ft_putnbr_fd.c -o objects/ft_putnbr_fd.o
echo ".\c"
gcc -Wall -Werror -Wextra -I./includes/ -c sources/ft_lstnew.c -o objects/ft_lstnew.o
echo ".\c"
gcc -Wall -Werror -Wextra -I./includes/ -c sources/ft_lstadd_front.c -o objects/ft_lstadd_front.o
echo ".\c"
gcc -Wall -Werror -Wextra -I./includes/ -c sources/ft_lstsize.c -o objects/ft_lstsize.o
echo ".\c"
gcc -Wall -Werror -Wextra -I./includes/ -c sources/ft_lstlast.c -o objects/ft_lstlast.o
echo ".\c"
gcc -Wall -Werror -Wextra -I./includes/ -c sources/ft_lstadd_back.c -o objects/ft_lstadd_back.o
echo ".\c"
gcc -Wall -Werror -Wextra -I./includes/ -c sources/ft_lstdelone.c -o objects/ft_lstdelone.o
echo ".\c"
gcc -Wall -Werror -Wextra -I./includes/ -c sources/ft_lstclear.c -o objects/ft_lstclear.o
echo ".\c"
gcc -Wall -Werror -Wextra -I./includes/ -c sources/ft_lstiter.c -o objects/ft_lstiter.o
echo ".\c"
gcc -Wall -Werror -Wextra -I./includes/ -c sources/ft_lstmap.c -o objects/ft_lstmap.o
echo ".\c"
ar -rcs libft.a ./objects/ft_isascii.o ./objects/ft_isprint.o ./objects/ft_isalpha.o ./objects/ft_isdigit.o ./objects/ft_isalnum.o ./objects/ft_tolower.o ./objects/ft_toupper.o ./objects/ft_strlen.o ./objects/ft_strlcpy.o ./objects/ft_strlcat.o ./objects/ft_strchr.o ./objects/ft_strrchr.o ./objects/ft_strnstr.o ./objects/ft_strncmp.o ./objects/ft_atoi.o ./objects/ft_memset.o ./objects/ft_bzero.o ./objects/ft_memcpy.o ./objects/ft_memmove.o ./objects/ft_memchr.o ./objects/ft_memcmp.o ./objects/ft_strdup.o ./objects/ft_calloc.o ./objects/ft_substr.o ./objects/ft_strjoin.o ./objects/ft_strtrim.o ./objects/ft_split.o ./objects/ft_itoa.o ./objects/ft_strmapi.o ./objects/ft_striteri.o ./objects/ft_putchar_fd.o ./objects/ft_putstr_fd.o ./objects/ft_putendl_fd.o ./objects/ft_putnbr_fd.o ./objects/ft_lstnew.o ./objects/ft_lstadd_front.o ./objects/ft_lstsize.o ./objects/ft_lstlast.o ./objects/ft_lstadd_back.o ./objects/ft_lstdelone.o ./objects/ft_lstclear.o ./objects/ft_lstiter.o ./objects/ft_lstmap.o
echo "\nlibft.a: \033[0;32mobject files were created\033[0m"
echo "libft.a: \033[0;32mlibft.a was created\033[0m"
make[1]: Leaving directory `/Users/faraz/Documents/Documents/42/cursus/fract-ol/lib/libft'
echo "fractol: \033[0;32mCreating ./lib/ft_printf/libft_printf.a...\033[0m"
/Applications/Xcode.app/Contents/Developer/usr/bin/make -sC ./lib/ft_printf/
make[1]: Entering directory `/Users/faraz/Documents/Documents/42/cursus/fract-ol/lib/ft_printf'
mkdir -p objects/
echo "libft_printf.a: \033[0;32mobjects/ was created\033[0m"
gcc -Wall -Werror -Wextra -I./includes/ -I../libft/includes/ -c sources/ft_printf.c -o objects/ft_printf.o
echo ".\c"
gcc -Wall -Werror -Wextra -I./includes/ -I../libft/includes/ -c sources/ft_printf_flags.c -o objects/ft_printf_flags.o
echo ".\c"
gcc -Wall -Werror -Wextra -I./includes/ -I../libft/includes/ -c sources/pf_putlchar_fd.c -o objects/pf_putlchar_fd.o
echo ".\c"
gcc -Wall -Werror -Wextra -I./includes/ -I../libft/includes/ -c sources/pf_putlstr_fd.c -o objects/pf_putlstr_fd.o
echo ".\c"
gcc -Wall -Werror -Wextra -I./includes/ -I../libft/includes/ -c sources/pf_putlnbr_fd.c -o objects/pf_putlnbr_fd.o
echo ".\c"
 
gcc -Wall -Werror -Wextra -I./includes/ -I../libft/includes/ -c sources/ft_digitlen.c -o objects/ft_digitlen.o
echo ".\c"
gcc -Wall -Werror -Wextra -I./includes/ -I../libft/includes/ -c sources/pf_putlhex_fd.c -o objects/pf_putlhex_fd.o
echo ".\c"
gcc -Wall -Werror -Wextra -I./includes/ -I../libft/includes/ -c sources/pf_putlunbr_fd.c -o objects/pf_putlunbr_fd.o
echo ".\c"
gcc -Wall -Werror -Wextra -I./includes/ -I../libft/includes/ -c sources/pf_putlptr_fd.c -o objects/pf_putlptr_fd.o
echo ".\c"
gcc -Wall -Werror -Wextra -I./includes/ -I../libft/includes/ -c sources/pf_width.c -o objects/pf_width.o
echo ".\c"
gcc -Wall -Werror -Wextra -I./includes/ -I../libft/includes/ -c sources/ft_puthex.c -o objects/ft_puthex.o
echo ".\c"
gcc -Wall -Werror -Wextra -I./includes/ -I../libft/includes/ -c sources/ft_hexlen.c -o objects/ft_hexlen.o
echo ".\c"
cp ../libft/libft.a .
mv libft.a libft_printf.a
ar -rcs libft_printf.a objects/ft_printf.o objects/ft_printf_flags.o objects/pf_putlchar_fd.o objects/pf_putlstr_fd.o objects/pf_putlnbr_fd.o objects/ft_digitlen.o objects/pf_putlhex_fd.o objects/pf_putlunbr_fd.o objects/pf_putlptr_fd.o objects/pf_width.o objects/ft_puthex.o objects/ft_hexlen.o
echo "\nlibft_printf.a: \033[0;32mobject files were created\033[0m"
echo "libft_printf.a: \033[0;32mlibft_printf.a was created\033[0m"
make[1]: Leaving directory `/Users/faraz/Documents/Documents/42/cursus/fract-ol/lib/ft_printf'
echo "fractol: \033[0;32mCreating ./lib/minilibx_opengl/libmlx.a...\033[0m"
/Applications/Xcode.app/Contents/Developer/usr/bin/make -sC ./lib/minilibx_opengl/
make[1]: Entering directory `/Users/faraz/Documents/Documents/42/cursus/fract-ol/lib/minilibx_opengl'
cc -O2 -DSTRINGPUTX11 -w   -c -o mlx_shaders.o mlx_shaders.c
cc -O2 -DSTRINGPUTX11 -w   -c -o mlx_new_window.o mlx_new_window.m
 
cc -O2 -DSTRINGPUTX11 -w   -c -o mlx_init_loop.o mlx_init_loop.m
cc -O2 -DSTRINGPUTX11 -w   -c -o mlx_new_image.o mlx_new_image.m
cc -O2 -DSTRINGPUTX11 -w   -c -o mlx_xpm.o mlx_xpm.c
cc -O2 -DSTRINGPUTX11 -w   -c -o mlx_int_str_to_wordtab.o mlx_int_str_to_wordtab.c
cc -O2 -DSTRINGPUTX11 -w   -c -o mlx_png.o mlx_png.c
cc -O2 -DSTRINGPUTX11 -w   -c -o mlx_mouse.o mlx_mouse.m
ar -r libmlx.a mlx_shaders.o mlx_new_window.o mlx_init_loop.o mlx_new_image.o mlx_xpm.o mlx_int_str_to_wordtab.o mlx_png.o mlx_mouse.o
ranlib libmlx.a
make[1]: Leaving directory `/Users/faraz/Documents/Documents/42/cursus/fract-ol/lib/minilibx_opengl'
mkdir -p objects/
echo "fractol: \033[0;32mobjects/ was created\033[0m"
gcc -Wall -Werror -Wextra -c -I./includes/ -I./lib/libft/includes/ -I./lib/ft_printf/includes/ -I./lib/minilibx_opengl/ sources/fractol.c -o objects/fractol.o
echo ".\c"
gcc -Wall -Werror -Wextra -c -I./includes/ -I./lib/libft/includes/ -I./lib/ft_printf/includes/ -I./lib/minilibx_opengl/ sources/debug_log.c -o objects/debug_log.o
echo ".\c"
gcc -Wall -Werror -Wextra -c -I./includes/ -I./lib/libft/includes/ -I./lib/ft_printf/includes/ -I./lib/minilibx_opengl/ sources/init.c -o objects/init.o
echo ".\c"
gcc -Wall -Werror -Wextra -c -I./includes/ -I./lib/libft/includes/ -I./lib/ft_printf/includes/ -I./lib/minilibx_opengl/ sources/render.c -o objects/render.o
echo ".\c"
gcc -Wall -Werror -Wextra -c -I./includes/ -I./lib/libft/includes/ -I./lib/ft_printf/includes/ -I./lib/minilibx_opengl/ sources/math_utils.c -o objects/math_utils.o
echo ".\c"
gcc -Wall -Werror -Wextra -c -I./includes/ -I./lib/libft/includes/ -I./lib/ft_printf/includes/ -I./lib/minilibx_opengl/ sources/mandelbrot.c -o objects/mandelbrot.o
echo ".\c"
gcc -Wall -Werror -Wextra -c -I./includes/ -I./lib/libft/includes/ -I./lib/ft_printf/includes/ -I./lib/minilibx_opengl/ sources/julia_set.c -o objects/julia_set.o
echo ".\c"
gcc -Wall -Werror -Wextra -c -I./includes/ -I./lib/libft/includes/ -I./lib/ft_printf/includes/ -I./lib/minilibx_opengl/ sources/rectangle.c -o objects/rectangle.o
echo ".\c"
gcc -Wall -Werror -Wextra -c -I./includes/ -I./lib/libft/includes/ -I./lib/ft_printf/includes/ -I./lib/minilibx_opengl/ sources/colors.c -o objects/colors.o
echo ".\c"
gcc -Wall -Werror -Wextra -c -I./includes/ -I./lib/libft/includes/ -I./lib/ft_printf/includes/ -I./lib/minilibx_opengl/ sources/string_utils.c -o objects/string_utils.o
echo ".\c"
gcc -Wall -Werror -Wextra -c -I./includes/ -I./lib/libft/includes/ -I./lib/ft_printf/includes/ -I./lib/minilibx_opengl/ sources/mouse.c -o objects/mouse.o
echo ".\c"
gcc -Wall -Werror -Wextra -c -I./includes/ -I./lib/libft/includes/ -I./lib/ft_printf/includes/ -I./lib/minilibx_opengl/ sources/keyboard.c -o objects/keyboard.o
echo ".\c"
gcc -Wall -Werror -Wextra objects/fractol.o objects/debug_log.o objects/init.o objects/render.o objects/math_utils.o objects/mandelbrot.o objects/julia_set.o objects/rectangle.o objects/colors.o objects/string_utils.o objects/mouse.o objects/keyboard.o -lmlx -lm -lft -lft_printf -L./lib/libft/ -L./lib/ft_printf/ -L./lib/minilibx_opengl/ -framework OpenGL -framework AppKit		 -I./includes/ -I./lib/libft/includes/ -I./lib/ft_printf/includes/ -I./lib/minilibx_opengl/ -o fractol
echo "\nfractol: \033[0;32mobject files were created\033[0m"
echo "fractol: \033[0;32mfractol was created\033[0m"
make: Leaving directory `/Users/faraz/Documents/Documents/42/cursus/fract-ol'
 
