make all --print-data-base --no-builtin-variables --no-builtin-rules --question
# GNU Make 3.81
# Copyright (C) 2006  Free Software Foundation, Inc.
# This is free software; see the source for copying conditions.
# There is NO warranty; not even for MERCHANTABILITY or FITNESS FOR A
# PARTICULAR PURPOSE.

# This program built for i386-apple-darwin11.3.0
 

# Make data base, printed on Tue Jun 21 14:45:00 2022

# Variables

# automatic
<D = $(patsubst %/,%,$(dir $<))
# automatic
?F = $(notdir $?)
# makefile (from `Makefile', line 41)
SOURCES_LIST = fractol.c debug_log.c colors.c
# makefile (from `Makefile', line 28)
FT_PRINTF = $(FT_PRINTF_DIRECTORY)libft_printf.a
# environment
VSCODE_LOG_NATIVE = false
# automatic
?D = $(patsubst %/,%,$(dir $?))
# environment
rvm_path = /Users/faraz/.rvm
# makefile (from `Makefile', line 16)
INCLUDES = -I$(HEADERS_DIRECTORY) -I$(LIBFT_HEADERS) -I$(FT_PRINTF_HEADERS) -I$(MINILIBX_HEADERS)
# automatic
@D = $(patsubst %/,%,$(dir $@))
# automatic
@F = $(notdir $@)
# makefile
CURDIR := /Users/faraz/Documents/Documents/42/cursus/fract-ol
# makefile
SHELL = /bin/sh
# environment
VSCODE_NLS_CONFIG = {"locale":"en-us","availableLanguages":{},"_languagePackSupport":true}
# environment
_ = /usr/bin/make
 
# makefile (from `Makefile', line 1)
MAKEFILE_LIST :=  Makefile
# makefile (from `Makefile', line 42)
SOURCES = $(addprefix $(SOURCES_DIRECTORY), $(SOURCES_LIST))
# environment
VSCODE_VERBOSE_LOGGING = true
# makefile (from `Makefile', line 44)
OBJECTS_DIRECTORY = objects/
# environment
__CFBundleIdentifier = com.microsoft.VSCode
# makefile (from `Makefile', line 33)
MINILIBX_DIRECTORY = $(LIB_DIRECTORY)minilibx_opengl/
# environment
VSCODE_IPC_HOOK_EXTHOST = /var/folders/ry/tbxdcn2x34q_gjw4rn0_gv700000gn/T/vscode-ipc-fccbb4db-772f-46d9-9046-61b49391c831.sock
# environment
VSCODE_CWD = /
# makefile (from `Makefile', line 30)
FT_PRINTF_HEADERS = $(FT_PRINTF_DIRECTORY)includes/
# environment
PATH = /usr/local/bin:/usr/bin:/bin:/usr/sbin:/sbin:/usr/local/share/dotnet:~/.dotnet/tools:/Library/Apple/usr/bin:/Library/Frameworks/Mono.framework/Versions/Current/Commands:/Users/faraz/Documents/Software/flutter/bin:/Users/faraz/.rvm/bin
# makefile (from `Makefile', line 29)
FT_PRINTF_DIRECTORY = $(LIB_DIRECTORY)ft_printf/
# environment
rvm_stored_umask = 0022
# environment
VSCODE_LOG_STACK = false
# environment
ELECTRON_RUN_AS_NODE = 1
# default
.FEATURES := target-specific order-only second-expansion else-if archives jobserver check-symlink
# makefile (from `Makefile', line 32)
MINILIBX = $(MINILIBX_DIRECTORY)libmlx.a
# environment
SSH_AUTH_SOCK = /private/tmp/com.apple.launchd.4NCiPgmD4d/Listeners
# automatic
%F = $(notdir $%)
# makefile (from `Makefile', line 37)
HEADERS_LIST = fractol.h debug_log.h
# makefile (from `Makefile', line 40)
SOURCES_DIRECTORY = ./sources/
# environment
VSCODE_PIPE_LOGGING = true
# environment
rvm_bin_path = /Users/faraz/.rvm/bin
# environment
PWD = /Users/faraz/Documents/Documents/42/cursus/fract-ol
# environment
ORIGINAL_XDG_CURRENT_DESKTOP = undefined
# makefile (from `Makefile', line 49)
GREEN = \033[0;32m
# environment
VSCODE_AMD_ENTRYPOINT = vs/workbench/api/node/extensionHostProcess
# environment
HOME = /Users/faraz
# default
MAKEFILEPATH := /Applications/Xcode.app/Contents/Developer/Makefiles
# environment
VSCODE_CODE_CACHE_PATH = /Users/faraz/Library/Application Support/Code/CachedData/30d9c6cd9483b2cc586687151bcbcd635f373630
# environment
LOGNAME = faraz
# environment
APPLICATION_INSIGHTS_NO_DIAGNOSTIC_CHANNEL = true
# makefile (from `Makefile', line 38)
HEADERS = $(addprefix $(HEADERS_DIRECTORY), $(HEADERS_LIST))
# environment
VSCODE_HANDLES_UNCAUGHT_ERRORS = true
# automatic
^D = $(patsubst %/,%,$(dir $^))
# makefile (from `Makefile', line 34)
MINILIBX_HEADERS = $(MINILIBX_DIRECTORY)
# environment
XPC_FLAGS = 0x0
# default
MAKE = $(MAKE_COMMAND)
# default
MAKECMDGOALS := all
# environment
SHLVL = 2
# makefile (from `Makefile', line 24)
LIBFT = $(LIBFT_DIRECTORY)libft.a
# makefile (from `Makefile', line 14)
CC = gcc
# makefile (from `Makefile', line 22)
LIB_DIRECTORY = ./lib/
# default
MAKE_VERSION := 3.81
# environment
USER = faraz
# makefile
.DEFAULT_GOAL := all
# makefile (from `Makefile', line 13)
NAME = fractol
# environment
rvm_version = 1.29.9 (latest)
# automatic
%D = $(patsubst %/,%,$(dir $%))
# default
MAKE_COMMAND := /Applications/Xcode.app/Contents/Developer/usr/bin/make
# default
.VARIABLES := 
# environment
TMPDIR = /var/folders/ry/tbxdcn2x34q_gjw4rn0_gv700000gn/T/
# automatic
*F = $(notdir $*)
# environment
VSCODE_IPC_HOOK = /Users/faraz/Library/Application Support/Code/1.68.1-main.sock
# makefile (from `Makefile', line 50)
RED = \033[0;31m
# makefile
MAKEFLAGS = Rrqp
# environment
MFLAGS = -Rrqp
# automatic
*D = $(patsubst %/,%,$(dir $*))
# environment
XPC_SERVICE_NAME = application.com.microsoft.VSCode.119650752.119650758
# automatic
 
+D = $(patsubst %/,%,$(dir $+))
# makefile (from `Makefile', line 36)
HEADERS_DIRECTORY = ./includes/
# environment
rvm_user_install_flag = 1
# automatic
+F = $(notdir $+)
# makefile (from `Makefile', line 26)
LIBFT_HEADERS = $(LIBFT_DIRECTORY)includes/
# environment
__CF_USER_TEXT_ENCODING = 0x1F5:0x0:0x0
# environment
COMMAND_MODE = unix2003
# default
MAKEFILES := 
# makefile (from `Makefile', line 45)
OBJECTS_LIST = $(patsubst %.c, %.o, $(SOURCES_LIST))
# makefile (from `Makefile', line 25)
LIBFT_DIRECTORY = $(LIB_DIRECTORY)libft/
# automatic
<F = $(notdir $<)
# environment
LC_ALL = C
# makefile (from `Makefile', line 51)
RESET = \033[0m
# makefile (from `Makefile', line 18)
LIBRARIES = -lmlx -lm -lft -lft_printf -L$(LIBFT_DIRECTORY) -L$(FT_PRINTF_DIRECTORY) -L$(MINILIBX_DIRECTORY) -framework OpenGL -framework AppKit		
# automatic
^F = $(notdir $^)
# environment
rvm_prefix = /Users/faraz
# default
SUFFIXES := 
# makefile (from `Makefile', line 15)
FLAGS = -Wall -Werror -Wextra
# default
.INCLUDE_DIRS = /usr/local/include
# environment
rvm_loaded_flag = 1
# environment
MAKELEVEL := 0
# makefile (from `Makefile', line 46)
OBJECTS = $(addprefix $(OBJECTS_DIRECTORY), $(OBJECTS_LIST))
# environment
LANG = C
# environment
VSCODE_PID = 54761
# variable set hash-table stats:
# Load=96/1024=9%, Rehash=0, Collisions=6/163=4%

# Pattern-specific Variable Values

# No pattern-specific variable values.

# Directories

# . (device 16777220, inode 119802987): 11 files, no impossibilities.

# 11 files, no impossibilities in 1 directories.

# Implicit Rules

objects/%.o: ./sources/%.c ./includes/fractol.h ./includes/debug_log.h
#  commands to execute (from `Makefile', line 67):
	@$(CC) $(FLAGS) -c $(INCLUDES) $< -o $@
	@echo ".\c"
	

# 1 implicit rules, 0 (0.0%) terminal.

# Files

fractol: lib/libft/libft.a lib/ft_printf/libft_printf.a lib/minilibx_opengl/libmlx.a objects/ objects/fractol.o objects/debug_log.o objects/colors.o
#  Implicit rule search has not been done.
#  File does not exist.
#  File has been updated.
#  Needs to be updated (-q is set).
# variable set hash-table stats:
# Load=0/32=0%, Rehash=0, Collisions=0/12=0%
#  commands to execute (from `Makefile', line 58):
	@$(CC) $(FLAGS) $(OBJECTS) $(LIBRARIES) $(INCLUDES) -o $(NAME)
	@echo "\n$(NAME): $(GREEN)object files were created$(RESET)"
	@echo "$(NAME): $(GREEN)$(NAME) was created$(RESET)"
	

objects/:
#  Implicit rule search has not been done.
#  Modification time never checked.
#  File has not been updated.
#  commands to execute (from `Makefile', line 63):
	@mkdir -p $(OBJECTS_DIRECTORY)
	@echo "$(NAME): $(GREEN)$(OBJECTS_DIRECTORY) was created$(RESET)"
	

all: fractol
#  Phony target (prerequisite of .PHONY).
#  Command-line target.
#  Implicit rule search has not been done.
#  File does not exist.
#  File has been updated.
#  Needs to be updated (-q is set).
# variable set hash-table stats:
# Load=0/32=0%, Rehash=0, Collisions=0/12=0%

.PHONY: all bonus clean fclean re
#  Implicit rule search has not been done.
#  Modification time never checked.
 
#  File has not been updated.

lib/ft_printf/libft_printf.a:
#  Implicit rule search has not been done.
#  Implicit/static pattern stem: `'
#  File does not exist.
#  File has been updated.
#  Needs to be updated (-q is set).
# automatic
# @ := lib/ft_printf/libft_printf.a
# automatic
# % := 
# automatic
# * := 
# automatic
# + := 
# automatic
# | := 
# automatic
# < := 
# automatic
# ^ := 
# automatic
# ? := 
# variable set hash-table stats:
# Load=8/32=25%, Rehash=0, Collisions=8/20=40%
#  commands to execute (from `Makefile', line 75):
	@echo "$(NAME): $(GREEN)Creating $(FT_PRINTF)...$(RESET)"
	@$(MAKE) -sC $(FT_PRINTF_DIRECTORY)
	

# Not a target:
.SUFFIXES:
#  Implicit rule search has not been done.
#  Modification time never checked.
#  File has not been updated.

# Not a target:
Makefile:
#  Implicit rule search has been done.
#  Last modified 2022-06-21 14:44:48
#  File has been updated.
#  Successfully updated.
# variable set hash-table stats:
# Load=0/32=0%, Rehash=0, Collisions=0/0=0%

bonus: all
#  Phony target (prerequisite of .PHONY).
#  Implicit rule search has not been done.
#  File does not exist.
 
#  File has not been updated.

fclean: clean
#  Phony target (prerequisite of .PHONY).
#  Implicit rule search has not been done.
#  File does not exist.
#  File has not been updated.
#  commands to execute (from `Makefile', line 90):
	@rm -f $(MINILIBX)
	@echo "$(NAME): $(RED)$(MINILIBX) was deleted$(RESET)"
	@rm -f $(FT_PRINTF)
	@echo "$(NAME): $(RED)$(FT_PRINTF) was deleted$(RESET)"
	@rm -f $(LIBFT)
	@echo "$(NAME): $(RED)$(LIBFT) was deleted$(RESET)"
	@rm -f $(NAME)
	@echo "$(NAME): $(RED)$(NAME) was deleted$(RESET)"
	

# Not a target:
.DEFAULT:
#  Implicit rule search has not been done.
#  Modification time never checked.
#  File has not been updated.

re:
#  Phony target (prerequisite of .PHONY).
#  Implicit rule search has not been done.
#  File does not exist.
#  File has not been updated.
#  commands to execute (from `Makefile', line 100):
	@$(MAKE) fclean
	@$(MAKE) all
	

clean:
#  Phony target (prerequisite of .PHONY).
#  Implicit rule search has not been done.
#  File does not exist.
#  File has not been updated.
#  commands to execute (from `Makefile', line 83):
	@$(MAKE) -sC $(LIBFT_DIRECTORY) clean
	@$(MAKE) -sC $(FT_PRINTF_DIRECTORY) clean
	@$(MAKE) -sC $(MINILIBX_DIRECTORY) clean
	@rm -rf $(OBJECTS_DIRECTORY)
	@echo "$(NAME): $(RED)object files were deleted$(RESET)"
	

lib/minilibx_opengl/libmlx.a:
#  Implicit rule search has not been done.
#  Modification time never checked.
#  File has not been updated.
#  commands to execute (from `Makefile', line 79):
	@echo "$(NAME): $(GREEN)Creating $(MINILIBX)...$(RESET)"
	@$(MAKE) -sC $(MINILIBX_DIRECTORY)
	

# Not a target:
objects/colors.o:
#  Implicit rule search has not been done.
#  Modification time never checked.
#  File has not been updated.

lib/libft/libft.a:
#  Implicit rule search has not been done.
#  Last modified 2022-06-19 15:51:34
#  File has been updated.
#  Successfully updated.
#  commands to execute (from `Makefile', line 71):
	@echo "$(NAME): $(GREEN)Creating $(LIBFT)...$(RESET)"
	@$(MAKE) -sC $(LIBFT_DIRECTORY)
	

# Not a target:
objects/debug_log.o:
 
#  Implicit rule search has not been done.
#  Modification time never checked.
#  File has not been updated.

# Not a target:
objects/fractol.o:
#  Implicit rule search has not been done.
#  Modification time never checked.
#  File has not been updated.

# files hash-table stats:
# Load=17/1024=2%, Rehash=0, Collisions=0/46=0%
# VPATH Search Paths

# No `vpath' search paths.

# No general (`VPATH' variable) search path.

# # of strings in strcache: 1
# # of strcache buffers: 1
# strcache size: total = 4096 / max = 4096 / min = 4096 / avg = 4096
# strcache free: total = 4087 / max = 4087 / min = 4087 / avg = 4087

# Finished Make data base on Tue Jun 21 14:45:00 2022

 
